<?xml version="1.0" encoding="UTF-8"?>
<testsuite xmlns:xsi="http://www.w3.org/2001/XMLSchema-instance" xsi:noNamespaceSchemaLocation="https://maven.apache.org/surefire/maven-surefire-plugin/xsd/surefire-test-report.xsd" name="com.teste.TesteRanking" time="0.007" tests="6" errors="0" skipped="0" failures="0">
  <properties>
    <property name="java.specification.version" value="18"/>
    <property name="sun.cpu.isalist" value="amd64"/>
    <property name="sun.jnu.encoding" value="Cp1252"/>
    <property name="java.class.path" value="C:\Users\patri\OneDrive\Área de Trabalho\Tema-8-Verival\target\test-classes;C:\Users\patri\OneDrive\Área de Trabalho\Tema-8-Verival\target\classes;C:\Users\patri\.m2\repository\junit\junit\4.11\junit-4.11.jar;C:\Users\patri\.m2\repository\org\hamcrest\hamcrest-core\1.3\hamcrest-core-1.3.jar;"/>
    <property name="java.vm.vendor" value="Oracle Corporation"/>
    <property name="sun.arch.data.model" value="64"/>
    <property name="user.variant" value=""/>
    <property name="java.vendor.url" value="https://java.oracle.com/"/>
    <property name="user.timezone" value="America/Sao_Paulo"/>
    <property name="os.name" value="Windows 10"/>
    <property name="java.vm.specification.version" value="18"/>
    <property name="sun.java.launcher" value="SUN_STANDARD"/>
    <property name="user.country" value="BR"/>
    <property name="sun.boot.library.path" value="C:\Users\patri\OneDrive\Documentos\jdk-18.0.2\bin"/>
    <property name="sun.java.command" value="C:\Users\patri\AppData\Local\Temp\surefire1499797852462233354\surefirebooter4344489065822495943.jar C:\Users\patri\AppData\Local\Temp\surefire1499797852462233354 2022-08-23T18-49-54_567-jvmRun1 surefire16635890760574492286tmp surefire_013452630671583479982tmp"/>
    <property name="jdk.debug" value="release"/>
    <property name="surefire.test.class.path" value="C:\Users\patri\OneDrive\Área de Trabalho\Tema-8-Verival\target\test-classes;C:\Users\patri\OneDrive\Área de Trabalho\Tema-8-Verival\target\classes;C:\Users\patri\.m2\repository\junit\junit\4.11\junit-4.11.jar;C:\Users\patri\.m2\repository\org\hamcrest\hamcrest-core\1.3\hamcrest-core-1.3.jar;"/>
    <property name="sun.cpu.endian" value="little"/>
    <property name="user.home" value="C:\Users\patri"/>
    <property name="user.language" value="pt"/>
    <property name="java.specification.vendor" value="Oracle Corporation"/>
    <property name="java.version.date" value="2022-07-19"/>
    <property name="java.home" value="C:\Users\patri\OneDrive\Documentos\jdk-18.0.2"/>
    <property name="file.separator" value="\"/>
    <property name="basedir" value="C:\Users\patri\OneDrive\Área de Trabalho\Tema-8-Verival"/>
    <property name="java.vm.compressedOopsMode" value="Zero based"/>
    <property name="line.separator" value="&#10;"/>
    <property name="java.vm.specification.vendor" value="Oracle Corporation"/>
    <property name="java.specification.name" value="Java Platform API Specification"/>
    <property name="surefire.real.class.path" value="C:\Users\patri\AppData\Local\Temp\surefire1499797852462233354\surefirebooter4344489065822495943.jar"/>
    <property name="user.script" value=""/>
    <property name="sun.management.compiler" value="HotSpot 64-Bit Tiered Compilers"/>
    <property name="java.runtime.version" value="18.0.2+9-61"/>
    <property name="user.name" value="patri"/>
    <property name="path.separator" value=";"/>
    <property name="os.version" value="10.0"/>
    <property name="java.runtime.name" value="Java(TM) SE Runtime Environment"/>
    <property name="file.encoding" value="UTF-8"/>
    <property name="java.vm.name" value="Java HotSpot(TM) 64-Bit Server VM"/>
    <property name="localRepository" value="C:\Users\patri\.m2\repository"/>
    <property name="java.vendor.url.bug" value="https://bugreport.java.com/bugreport/"/>
    <property name="java.io.tmpdir" value="C:\Users\patri\AppData\Local\Temp\"/>
    <property name="java.version" value="18.0.2"/>
    <property name="user.dir" value="C:\Users\patri\OneDrive\Área de Trabalho\Tema-8-Verival"/>
    <property name="os.arch" value="amd64"/>
    <property name="java.vm.specification.name" value="Java Virtual Machine Specification"/>
    <property name="sun.os.patch.level" value=""/>
    <property name="native.encoding" value="Cp1252"/>
    <property name="java.library.path" value="C:\Users\patri\OneDrive\Documentos\jdk-18.0.2\bin;C:\WINDOWS\Sun\Java\bin;C:\WINDOWS\system32;C:\WINDOWS;C:\Program Files (x86)\Common Files\Oracle\Java\javapath;C:\WINDOWS\system32;C:\WINDOWS;C:\WINDOWS\System32\Wbem;C:\WINDOWS\System32\WindowsPowerShell\v1.0\;C:\WINDOWS\System32\OpenSSH\;C:\Program Files\Go\bin;C:\Users\patri\OneDrive\Documentos\apache-maven-3.8.6\bin;C:\Program Files\Git\cmd;C:\Users\patri\AppData\Local\Microsoft\WindowsApps;C:\Users\patri\AppData\Local\Programs\Microsoft VS Code\bin;C:\Users\patri\go\bin;C:\Users\patri\OneDrive\Documentos\apache-maven-3.8.6\bin;;."/>
    <property name="java.vm.info" value="mixed mode, sharing"/>
    <property name="java.vendor" value="Oracle Corporation"/>
    <property name="java.vm.version" value="18.0.2+9-61"/>
    <property name="sun.io.unicode.encoding" value="UnicodeLittle"/>
    <property name="java.class.version" value="62.0"/>
  </properties>
  <testcase name="testGetScore" classname="com.teste.TesteRanking" time="0"/>
  <testcase name="testAdd" classname="com.teste.TesteRanking" time="0"/>
  <testcase name="testAdd2" classname="com.teste.TesteRanking" time="0"/>
  <testcase name="testNumRecords" classname="com.teste.TesteRanking" time="0"/>
  <testcase name="testBestScore" classname="com.teste.TesteRanking" time="0"/>
  <testcase name="testWorstScore" classname="com.teste.TesteRanking" time="0"/>
</testsuite>